<?xml version="1.0" encoding="UTF-8" standalone="no"?>
<testng-results failed="1" passed="6" skipped="0" total="7">
<suite duration-ms="137621" name="io.cucumber.core.plugin.TestNGFormatter">
<test duration-ms="137621" name="io.cucumber.core.plugin.TestNGFormatter">
<class name="User Login into application">
<test-method duration-ms="23771" finished-at="2020-07-28T06:24:51.400Z" name="Single user able to login with valid credentials" started-at="2020-07-28T06:24:27.589Z" status="PASS"/>
<test-method duration-ms="30060" finished-at="2020-07-28T06:25:21.500Z" name="User login with invalid credentials" started-at="2020-07-28T06:24:51.428Z" status="FAIL">
<exception class="org.openqa.selenium.NoSuchElementException">
<message><![CDATA[Given User is on login page.................................................passed
When User enters username as "Admin" and enters password as "admin123"......passed
And User clicks submit button...............................................passed
Then User is on login page only.............................................failed
]]></message>
<full-stacktrace><![CDATA[org.openqa.selenium.NoSuchElementException: no such element: Unable to locate element: {"method":"css selector","selector":"[id='divLogo']"}
  (Session info: chrome=83.0.4103.116)
For documentation on this error, please visit: https://www.seleniumhq.org/exceptions/no_such_element.html
Build info: version: '3.141.59', revision: 'e82be7d358', time: '2018-11-14T08:17:03'
System info: host: 'SYSR185', ip: '192.168.2.251', os.name: 'Windows 10', os.arch: 'amd64', os.version: '10.0', java.version: '1.8.0_201'
Driver info: org.openqa.selenium.chrome.ChromeDriver
Capabilities {acceptInsecureCerts: false, browserName: chrome, browserVersion: 83.0.4103.116, chrome: {chromedriverVersion: 83.0.4103.39 (ccbf011cb2d2b..., userDataDir: C:\Users\VAMSI~1.AKU\AppDat...}, goog:chromeOptions: {debuggerAddress: localhost:52605}, javascriptEnabled: true, networkConnectionEnabled: false, pageLoadStrategy: normal, platform: WINDOWS, platformName: WINDOWS, proxy: Proxy(), setWindowRect: true, strictFileInteractability: false, timeouts: {implicit: 0, pageLoad: 300000, script: 30000}, unhandledPromptBehavior: dismiss and notify, webauthn:virtualAuthenticators: true}
Session ID: 239b86eae4c718292c1702e58205184f
*** Element info: {Using=css selector, value=[id='divLogo']}
	at sun.reflect.NativeConstructorAccessorImpl.newInstance0(Native Method)
	at sun.reflect.NativeConstructorAccessorImpl.newInstance(NativeConstructorAccessorImpl.java:62)
	at sun.reflect.DelegatingConstructorAccessorImpl.newInstance(DelegatingConstructorAccessorImpl.java:45)
	at java.lang.reflect.Constructor.newInstance(Constructor.java:423)
	at org.openqa.selenium.remote.http.W3CHttpResponseCodec.createException(W3CHttpResponseCodec.java:187)
	at org.openqa.selenium.remote.http.W3CHttpResponseCodec.decode(W3CHttpResponseCodec.java:122)
	at org.openqa.selenium.remote.http.W3CHttpResponseCodec.decode(W3CHttpResponseCodec.java:49)
	at org.openqa.selenium.remote.HttpCommandExecutor.execute(HttpCommandExecutor.java:158)
	at org.openqa.selenium.remote.service.DriverCommandExecutor.execute(DriverCommandExecutor.java:83)
	at org.openqa.selenium.remote.RemoteWebDriver.execute(RemoteWebDriver.java:552)
	at org.openqa.selenium.remote.RemoteWebDriver.findElement(RemoteWebDriver.java:323)
	at org.openqa.selenium.remote.RemoteWebDriver.findElementByCssSelector(RemoteWebDriver.java:420)
	at org.openqa.selenium.By$ByCssSelector.findElement(By.java:431)
	at org.openqa.selenium.remote.RemoteWebDriver.findElement(RemoteWebDriver.java:315)
	at SeleniumCucumber.utilities.SafeActions.isElementDisplayed(SafeActions.java:51)
	at SeleniumCucumber.pages.module.LoginPage.verifyLoginPage(LoginPage.java:18)
	at SeleniumCucumber.pages.steps.StepDefinitions.user_is_on_login_page_only(StepDefinitions.java:57)
	at ✽.User is on login page only(file:///D:/GT/Assess1/SeleniumProject/resources/Features/login.feature:14)
]]></full-stacktrace>
</exception>
</test-method>
<test-method duration-ms="16306" finished-at="2020-07-28T06:25:37.943Z" name="User login with invalid credentials_2" started-at="2020-07-28T06:25:21.534Z" status="PASS"/>
<test-method duration-ms="12276" finished-at="2020-07-28T06:25:50.242Z" name="User login with invalid credentials_3" started-at="2020-07-28T06:25:37.963Z" status="PASS"/>
<test-method duration-ms="13214" finished-at="2020-07-28T06:26:03.480Z" name="User login with invalid credentials_4" started-at="2020-07-28T06:25:50.263Z" status="PASS"/>
<test-method duration-ms="18784" finished-at="2020-07-28T06:26:22.283Z" name="Login with correct username and password" started-at="2020-07-28T06:26:03.495Z" status="PASS"/>
<test-method duration-ms="22303" finished-at="2020-07-28T06:26:44.602Z" name="User login" started-at="2020-07-28T06:26:22.296Z" status="PASS"/>
</class>
</test>
</suite>
</testng-results>
